{"C:\\Users\\shann\\WebstormProjects\\mean-skeleton\\server\\api\\user\\user.controller.js":{"path":"C:\\Users\\shann\\WebstormProjects\\mean-skeleton\\server\\api\\user\\user.controller.js","s":{"1":1,"2":1,"3":9,"4":9,"5":4,"6":5,"7":5,"8":6,"9":6,"10":1,"11":5,"12":1,"13":4,"14":8,"15":8,"16":8,"17":4,"18":2,"19":5},"b":{"1":[4,5],"2":[1,5],"3":[1,4],"4":[4,4]},"f":{"1":9,"2":9,"3":6,"4":6,"5":8,"6":8,"7":4,"8":2,"9":5},"fnMap":{"1":{"name":"(anonymous_1)","line":10,"loc":{"start":{"line":10,"column":10},"end":{"line":10,"column":26}}},"2":{"name":"(anonymous_2)","line":13,"loc":{"start":{"line":13,"column":18},"end":{"line":13,"column":34}}},"3":{"name":"(anonymous_3)","line":21,"loc":{"start":{"line":21,"column":11},"end":{"line":21,"column":31}}},"4":{"name":"(anonymous_4)","line":24,"loc":{"start":{"line":24,"column":18},"end":{"line":24,"column":33}}},"5":{"name":"(anonymous_5)","line":41,"loc":{"start":{"line":41,"column":10},"end":{"line":41,"column":30}}},"6":{"name":"(anonymous_6)","line":44,"loc":{"start":{"line":44,"column":18},"end":{"line":44,"column":33}}},"7":{"name":"(anonymous_7)","line":51,"loc":{"start":{"line":51,"column":12},"end":{"line":51,"column":26}}},"8":{"name":"(anonymous_8)","line":57,"loc":{"start":{"line":57,"column":13},"end":{"line":57,"column":24}}},"9":{"name":"(anonymous_9)","line":63,"loc":{"start":{"line":63,"column":12},"end":{"line":63,"column":26}}}},"statementMap":{"1":{"start":{"line":1,"column":0},"end":{"line":1,"column":43}},"2":{"start":{"line":7,"column":0},"end":{"line":68,"column":2}},"3":{"start":{"line":11,"column":8},"end":{"line":17,"column":15}},"4":{"start":{"line":14,"column":16},"end":{"line":14,"column":86}},"5":{"start":{"line":14,"column":38},"end":{"line":14,"column":86}},"6":{"start":{"line":15,"column":16},"end":{"line":15,"column":66}},"7":{"start":{"line":16,"column":16},"end":{"line":16,"column":42}},"8":{"start":{"line":22,"column":8},"end":{"line":37,"column":15}},"9":{"start":{"line":27,"column":16},"end":{"line":27,"column":109}},"10":{"start":{"line":27,"column":71},"end":{"line":27,"column":109}},"11":{"start":{"line":30,"column":16},"end":{"line":30,"column":88}},"12":{"start":{"line":30,"column":53},"end":{"line":30,"column":88}},"13":{"start":{"line":36,"column":16},"end":{"line":36,"column":28}},"14":{"start":{"line":42,"column":8},"end":{"line":47,"column":15}},"15":{"start":{"line":45,"column":16},"end":{"line":45,"column":74}},"16":{"start":{"line":46,"column":16},"end":{"line":46,"column":35}},"17":{"start":{"line":52,"column":8},"end":{"line":53,"column":26}},"18":{"start":{"line":58,"column":8},"end":{"line":59,"column":22}},"19":{"start":{"line":64,"column":8},"end":{"line":65,"column":35}}},"branchMap":{"1":{"line":14,"type":"if","locations":[{"start":{"line":14,"column":16},"end":{"line":14,"column":16}},{"start":{"line":14,"column":16},"end":{"line":14,"column":16}}]},"2":{"line":27,"type":"if","locations":[{"start":{"line":27,"column":16},"end":{"line":27,"column":16}},{"start":{"line":27,"column":16},"end":{"line":27,"column":16}}]},"3":{"line":30,"type":"if","locations":[{"start":{"line":30,"column":16},"end":{"line":30,"column":16}},{"start":{"line":30,"column":16},"end":{"line":30,"column":16}}]},"4":{"line":45,"type":"cond-expr","locations":[{"start":{"line":45,"column":46},"end":{"line":45,"column":58}},{"start":{"line":45,"column":61},"end":{"line":45,"column":73}}]}}},"C:\\Users\\shann\\WebstormProjects\\mean-skeleton\\server\\api\\user\\user.model.js":{"path":"C:\\Users\\shann\\WebstormProjects\\mean-skeleton\\server\\api\\user\\user.model.js","s":{"1":1,"2":1,"3":1,"4":1,"5":1,"6":1,"7":13,"8":1,"9":13,"10":13,"11":1,"12":1,"13":5,"14":1,"15":5,"16":1,"17":6,"18":1},"b":{"1":[1,12]},"f":{"1":13,"2":31,"3":5,"4":5,"5":6},"fnMap":{"1":{"name":"(anonymous_1)","line":16,"loc":{"start":{"line":16,"column":23},"end":{"line":16,"column":38}}},"2":{"name":"(anonymous_2)","line":29,"loc":{"start":{"line":29,"column":24},"end":{"line":29,"column":34}}},"3":{"name":"(anonymous_3)","line":34,"loc":{"start":{"line":34,"column":33},"end":{"line":34,"column":52}}},"4":{"name":"(anonymous_4)","line":37,"loc":{"start":{"line":37,"column":34},"end":{"line":37,"column":53}}},"5":{"name":"(anonymous_5)","line":40,"loc":{"start":{"line":40,"column":35},"end":{"line":40,"column":54}}}},"statementMap":{"1":{"start":{"line":1,"column":0},"end":{"line":1,"column":41}},"2":{"start":{"line":2,"column":0},"end":{"line":2,"column":40}},"3":{"start":{"line":3,"column":0},"end":{"line":3,"column":37}},"4":{"start":{"line":4,"column":0},"end":{"line":4,"column":33}},"5":{"start":{"line":6,"column":0},"end":{"line":13,"column":3}},"6":{"start":{"line":16,"column":0},"end":{"line":26,"column":3}},"7":{"start":{"line":21,"column":4},"end":{"line":21,"column":63}},"8":{"start":{"line":21,"column":26},"end":{"line":21,"column":63}},"9":{"start":{"line":24,"column":4},"end":{"line":24,"column":30}},"10":{"start":{"line":25,"column":4},"end":{"line":25,"column":11}},"11":{"start":{"line":29,"column":0},"end":{"line":31,"column":3}},"12":{"start":{"line":34,"column":0},"end":{"line":34,"column":91}},"13":{"start":{"line":34,"column":54},"end":{"line":34,"column":88}},"14":{"start":{"line":37,"column":0},"end":{"line":37,"column":120}},"15":{"start":{"line":37,"column":55},"end":{"line":37,"column":117}},"16":{"start":{"line":40,"column":0},"end":{"line":40,"column":95}},"17":{"start":{"line":40,"column":56},"end":{"line":40,"column":92}},"18":{"start":{"line":43,"column":0},"end":{"line":43,"column":57}}},"branchMap":{"1":{"line":21,"type":"if","locations":[{"start":{"line":21,"column":4},"end":{"line":21,"column":4}},{"start":{"line":21,"column":4},"end":{"line":21,"column":4}}]}}},"C:\\Users\\shann\\WebstormProjects\\mean-skeleton\\server\\config.js":{"path":"C:\\Users\\shann\\WebstormProjects\\mean-skeleton\\server\\config.js","s":{"1":1,"2":1},"b":{},"f":{},"fnMap":{},"statementMap":{"1":{"start":{"line":1,"column":0},"end":{"line":1,"column":27}},"2":{"start":{"line":3,"column":0},"end":{"line":29,"column":2}}},"branchMap":{}},"C:\\Users\\shann\\WebstormProjects\\mean-skeleton\\server\\api\\action\\action.controller.js":{"path":"C:\\Users\\shann\\WebstormProjects\\mean-skeleton\\server\\api\\action\\action.controller.js","s":{"1":1,"2":1,"3":5,"4":4,"5":4,"6":4,"7":4,"8":2,"9":5},"b":{},"f":{"1":5,"2":4,"3":4,"4":4,"5":2,"6":5},"fnMap":{"1":{"name":"(anonymous_1)","line":7,"loc":{"start":{"line":7,"column":10},"end":{"line":7,"column":26}}},"2":{"name":"(anonymous_2)","line":14,"loc":{"start":{"line":14,"column":10},"end":{"line":14,"column":30}}},"3":{"name":"(anonymous_3)","line":17,"loc":{"start":{"line":17,"column":18},"end":{"line":17,"column":35}}},"4":{"name":"(anonymous_4)","line":24,"loc":{"start":{"line":24,"column":12},"end":{"line":24,"column":26}}},"5":{"name":"(anonymous_5)","line":30,"loc":{"start":{"line":30,"column":13},"end":{"line":30,"column":24}}},"6":{"name":"(anonymous_6)","line":36,"loc":{"start":{"line":36,"column":12},"end":{"line":36,"column":26}}}},"statementMap":{"1":{"start":{"line":1,"column":0},"end":{"line":1,"column":47}},"2":{"start":{"line":4,"column":0},"end":{"line":41,"column":2}},"3":{"start":{"line":8,"column":8},"end":{"line":9,"column":26}},"4":{"start":{"line":15,"column":8},"end":{"line":20,"column":15}},"5":{"start":{"line":18,"column":16},"end":{"line":18,"column":71}},"6":{"start":{"line":19,"column":16},"end":{"line":19,"column":37}},"7":{"start":{"line":25,"column":8},"end":{"line":26,"column":26}},"8":{"start":{"line":31,"column":8},"end":{"line":32,"column":22}},"9":{"start":{"line":37,"column":8},"end":{"line":38,"column":35}}},"branchMap":{}},"C:\\Users\\shann\\WebstormProjects\\mean-skeleton\\server\\api\\action\\action.model.js":{"path":"C:\\Users\\shann\\WebstormProjects\\mean-skeleton\\server\\api\\action\\action.model.js","s":{"1":1,"2":1,"3":1,"4":1,"5":9,"6":1,"7":9,"8":9,"9":13,"10":9,"11":1},"b":{"1":[1,8]},"f":{"1":9},"fnMap":{"1":{"name":"(anonymous_1)","line":18,"loc":{"start":{"line":18,"column":25},"end":{"line":18,"column":40}}}},"statementMap":{"1":{"start":{"line":1,"column":0},"end":{"line":1,"column":37}},"2":{"start":{"line":2,"column":0},"end":{"line":2,"column":33}},"3":{"start":{"line":4,"column":0},"end":{"line":15,"column":3}},"4":{"start":{"line":18,"column":0},"end":{"line":29,"column":3}},"5":{"start":{"line":23,"column":4},"end":{"line":23,"column":63}},"6":{"start":{"line":23,"column":26},"end":{"line":23,"column":63}},"7":{"start":{"line":26,"column":4},"end":{"line":26,"column":30}},"8":{"start":{"line":27,"column":4},"end":{"line":27,"column":78}},"9":{"start":{"line":27,"column":42},"end":{"line":27,"column":78}},"10":{"start":{"line":28,"column":4},"end":{"line":28,"column":11}},"11":{"start":{"line":33,"column":0},"end":{"line":33,"column":63}}},"branchMap":{"1":{"line":23,"type":"if","locations":[{"start":{"line":23,"column":4},"end":{"line":23,"column":4}},{"start":{"line":23,"column":4},"end":{"line":23,"column":4}}]}}},"C:\\Users\\shann\\WebstormProjects\\mean-skeleton\\server\\app.js":{"path":"C:\\Users\\shann\\WebstormProjects\\mean-skeleton\\server\\app.js","s":{"1":1,"2":1,"3":1,"4":1,"5":1,"6":1,"7":1,"8":1,"9":1,"10":1,"11":1,"12":1,"13":1,"14":1,"15":1,"16":1,"17":1,"18":1,"19":1,"20":1,"21":1,"22":1},"b":{},"f":{},"fnMap":{},"statementMap":{"1":{"start":{"line":1,"column":0},"end":{"line":1,"column":46}},"2":{"start":{"line":2,"column":0},"end":{"line":2,"column":42}},"3":{"start":{"line":3,"column":0},"end":{"line":3,"column":37}},"4":{"start":{"line":4,"column":0},"end":{"line":4,"column":35}},"5":{"start":{"line":5,"column":0},"end":{"line":5,"column":35}},"6":{"start":{"line":6,"column":0},"end":{"line":6,"column":33}},"7":{"start":{"line":7,"column":0},"end":{"line":7,"column":29}},"8":{"start":{"line":8,"column":0},"end":{"line":8,"column":22}},"9":{"start":{"line":10,"column":0},"end":{"line":10,"column":34}},"10":{"start":{"line":11,"column":0},"end":{"line":11,"column":40}},"11":{"start":{"line":13,"column":0},"end":{"line":13,"column":23}},"12":{"start":{"line":14,"column":0},"end":{"line":14,"column":24}},"13":{"start":{"line":15,"column":0},"end":{"line":15,"column":27}},"14":{"start":{"line":16,"column":0},"end":{"line":16,"column":49}},"15":{"start":{"line":17,"column":0},"end":{"line":17,"column":54}},"16":{"start":{"line":19,"column":0},"end":{"line":19,"column":50}},"17":{"start":{"line":20,"column":0},"end":{"line":20,"column":77}},"18":{"start":{"line":21,"column":0},"end":{"line":21,"column":77}},"19":{"start":{"line":22,"column":0},"end":{"line":22,"column":73}},"20":{"start":{"line":23,"column":0},"end":{"line":23,"column":48}},"21":{"start":{"line":24,"column":0},"end":{"line":24,"column":40}},"22":{"start":{"line":26,"column":0},"end":{"line":26,"column":21}}},"branchMap":{}},"C:\\Users\\shann\\WebstormProjects\\mean-skeleton\\server\\angular\\index.js":{"path":"C:\\Users\\shann\\WebstormProjects\\mean-skeleton\\server\\angular\\index.js","s":{"1":1,"2":1,"3":1,"4":1},"b":{},"f":{},"fnMap":{},"statementMap":{"1":{"start":{"line":1,"column":0},"end":{"line":1,"column":33}},"2":{"start":{"line":2,"column":0},"end":{"line":2,"column":30}},"3":{"start":{"line":4,"column":0},"end":{"line":4,"column":34}},"4":{"start":{"line":12,"column":0},"end":{"line":12,"column":24}}},"branchMap":{}},"C:\\Users\\shann\\WebstormProjects\\mean-skeleton\\server\\api\\index.js":{"path":"C:\\Users\\shann\\WebstormProjects\\mean-skeleton\\server\\api\\index.js","s":{"1":1,"2":1,"3":1,"4":1,"5":1,"6":1},"b":{},"f":{},"fnMap":{},"statementMap":{"1":{"start":{"line":1,"column":0},"end":{"line":1,"column":53}},"2":{"start":{"line":2,"column":0},"end":{"line":2,"column":47}},"3":{"start":{"line":3,"column":0},"end":{"line":3,"column":43}},"4":{"start":{"line":6,"column":0},"end":{"line":6,"column":36}},"5":{"start":{"line":9,"column":0},"end":{"line":9,"column":32}},"6":{"start":{"line":11,"column":0},"end":{"line":11,"column":24}}},"branchMap":{}},"C:\\Users\\shann\\WebstormProjects\\mean-skeleton\\server\\api\\action\\action.route.js":{"path":"C:\\Users\\shann\\WebstormProjects\\mean-skeleton\\server\\api\\action\\action.route.js","s":{"1":1,"2":1,"3":1,"4":1,"5":3,"6":1,"7":3,"8":1,"9":3,"10":1,"11":1,"12":1,"13":3,"14":1},"b":{},"f":{"1":3,"2":3,"3":3,"4":1,"5":3},"fnMap":{"1":{"name":"(anonymous_1)","line":10,"loc":{"start":{"line":10,"column":17},"end":{"line":10,"column":36}}},"2":{"name":"(anonymous_2)","line":18,"loc":{"start":{"line":18,"column":19},"end":{"line":18,"column":38}}},"3":{"name":"(anonymous_3)","line":26,"loc":{"start":{"line":26,"column":19},"end":{"line":26,"column":38}}},"4":{"name":"(anonymous_4)","line":34,"loc":{"start":{"line":34,"column":16},"end":{"line":34,"column":35}}},"5":{"name":"(anonymous_5)","line":42,"loc":{"start":{"line":42,"column":22},"end":{"line":42,"column":41}}}},"statementMap":{"1":{"start":{"line":1,"column":0},"end":{"line":1,"column":50}},"2":{"start":{"line":2,"column":0},"end":{"line":2,"column":43}},"3":{"start":{"line":3,"column":0},"end":{"line":3,"column":41}},"4":{"start":{"line":10,"column":0},"end":{"line":15,"column":3}},"5":{"start":{"line":11,"column":4},"end":{"line":14,"column":34}},"6":{"start":{"line":18,"column":0},"end":{"line":23,"column":3}},"7":{"start":{"line":19,"column":4},"end":{"line":22,"column":34}},"8":{"start":{"line":26,"column":0},"end":{"line":31,"column":3}},"9":{"start":{"line":27,"column":4},"end":{"line":30,"column":34}},"10":{"start":{"line":34,"column":0},"end":{"line":39,"column":3}},"11":{"start":{"line":35,"column":4},"end":{"line":38,"column":34}},"12":{"start":{"line":42,"column":0},"end":{"line":47,"column":3}},"13":{"start":{"line":43,"column":4},"end":{"line":46,"column":34}},"14":{"start":{"line":49,"column":0},"end":{"line":49,"column":24}}},"branchMap":{}},"C:\\Users\\shann\\WebstormProjects\\mean-skeleton\\server\\api\\util\\status.js":{"path":"C:\\Users\\shann\\WebstormProjects\\mean-skeleton\\server\\api\\util\\status.js","s":{"1":1,"2":35,"3":32,"4":35,"5":3},"b":{},"f":{"1":35,"2":32,"3":35,"4":3},"fnMap":{"1":{"name":"(anonymous_1)","line":6,"loc":{"start":{"line":6,"column":10},"end":{"line":6,"column":24}}},"2":{"name":"(anonymous_2)","line":6,"loc":{"start":{"line":6,"column":33},"end":{"line":6,"column":48}}},"3":{"name":"(anonymous_3)","line":9,"loc":{"start":{"line":9,"column":10},"end":{"line":9,"column":24}}},"4":{"name":"(anonymous_4)","line":9,"loc":{"start":{"line":9,"column":33},"end":{"line":9,"column":49}}}},"statementMap":{"1":{"start":{"line":1,"column":0},"end":{"line":11,"column":2}},"2":{"start":{"line":6,"column":26},"end":{"line":6,"column":86}},"3":{"start":{"line":6,"column":50},"end":{"line":6,"column":84}},"4":{"start":{"line":9,"column":26},"end":{"line":9,"column":97}},"5":{"start":{"line":9,"column":51},"end":{"line":9,"column":94}}},"branchMap":{}},"C:\\Users\\shann\\WebstormProjects\\mean-skeleton\\server\\api\\user\\user.route.js":{"path":"C:\\Users\\shann\\WebstormProjects\\mean-skeleton\\server\\api\\user\\user.route.js","s":{"1":1,"2":1,"3":1,"4":1,"5":6,"6":1,"7":3,"8":1,"9":3,"10":1,"11":6,"12":1,"13":1,"14":1,"15":3,"16":1},"b":{},"f":{"1":6,"2":3,"3":3,"4":6,"5":1,"6":3},"fnMap":{"1":{"name":"(anonymous_1)","line":10,"loc":{"start":{"line":10,"column":17},"end":{"line":10,"column":36}}},"2":{"name":"(anonymous_2)","line":17,"loc":{"start":{"line":17,"column":25},"end":{"line":17,"column":44}}},"3":{"name":"(anonymous_3)","line":25,"loc":{"start":{"line":25,"column":19},"end":{"line":25,"column":38}}},"4":{"name":"(anonymous_4)","line":33,"loc":{"start":{"line":33,"column":19},"end":{"line":33,"column":38}}},"5":{"name":"(anonymous_5)","line":41,"loc":{"start":{"line":41,"column":16},"end":{"line":41,"column":35}}},"6":{"name":"(anonymous_6)","line":49,"loc":{"start":{"line":49,"column":22},"end":{"line":49,"column":41}}}},"statementMap":{"1":{"start":{"line":1,"column":0},"end":{"line":1,"column":48}},"2":{"start":{"line":2,"column":0},"end":{"line":2,"column":43}},"3":{"start":{"line":3,"column":0},"end":{"line":3,"column":41}},"4":{"start":{"line":10,"column":0},"end":{"line":15,"column":3}},"5":{"start":{"line":11,"column":4},"end":{"line":14,"column":38}},"6":{"start":{"line":17,"column":0},"end":{"line":22,"column":3}},"7":{"start":{"line":18,"column":4},"end":{"line":21,"column":38}},"8":{"start":{"line":25,"column":0},"end":{"line":30,"column":3}},"9":{"start":{"line":26,"column":4},"end":{"line":29,"column":38}},"10":{"start":{"line":33,"column":0},"end":{"line":38,"column":3}},"11":{"start":{"line":34,"column":4},"end":{"line":37,"column":38}},"12":{"start":{"line":41,"column":0},"end":{"line":46,"column":3}},"13":{"start":{"line":42,"column":4},"end":{"line":45,"column":38}},"14":{"start":{"line":49,"column":0},"end":{"line":54,"column":3}},"15":{"start":{"line":50,"column":4},"end":{"line":53,"column":38}},"16":{"start":{"line":56,"column":0},"end":{"line":56,"column":24}}},"branchMap":{}}}