TN:
SF:C:\Users\shann\WebstormProjects\mean-skeleton\server\api\user\user.controller.js
FN:10,(anonymous_1)
FN:13,(anonymous_2)
FN:21,(anonymous_3)
FN:24,(anonymous_4)
FN:41,(anonymous_5)
FN:44,(anonymous_6)
FN:51,(anonymous_7)
FN:57,(anonymous_8)
FN:63,(anonymous_9)
FNF:9
FNH:9
FNDA:9,(anonymous_1)
FNDA:9,(anonymous_2)
FNDA:6,(anonymous_3)
FNDA:6,(anonymous_4)
FNDA:8,(anonymous_5)
FNDA:8,(anonymous_6)
FNDA:4,(anonymous_7)
FNDA:2,(anonymous_8)
FNDA:5,(anonymous_9)
DA:1,1
DA:7,1
DA:11,9
DA:14,9
DA:15,5
DA:16,5
DA:22,6
DA:27,6
DA:30,5
DA:36,4
DA:42,8
DA:45,8
DA:46,8
DA:52,4
DA:58,2
DA:64,5
LF:16
LH:16
BRDA:14,1,0,4
BRDA:14,1,1,5
BRDA:27,2,0,1
BRDA:27,2,1,5
BRDA:30,3,0,1
BRDA:30,3,1,4
BRDA:45,4,0,4
BRDA:45,4,1,4
BRF:8
BRH:8
end_of_record
TN:
SF:C:\Users\shann\WebstormProjects\mean-skeleton\server\api\user\user.model.js
FN:16,(anonymous_1)
FN:29,(anonymous_2)
FN:34,(anonymous_3)
FN:37,(anonymous_4)
FN:40,(anonymous_5)
FNF:5
FNH:5
FNDA:13,(anonymous_1)
FNDA:31,(anonymous_2)
FNDA:5,(anonymous_3)
FNDA:5,(anonymous_4)
FNDA:6,(anonymous_5)
DA:1,1
DA:2,1
DA:3,1
DA:4,1
DA:6,1
DA:16,1
DA:21,13
DA:24,13
DA:25,13
DA:29,1
DA:34,5
DA:37,5
DA:40,6
DA:43,1
LF:14
LH:14
BRDA:21,1,0,1
BRDA:21,1,1,12
BRF:2
BRH:2
end_of_record
TN:
SF:C:\Users\shann\WebstormProjects\mean-skeleton\server\config.js
FNF:0
FNH:0
DA:1,1
DA:3,1
LF:2
LH:2
BRF:0
BRH:0
end_of_record
TN:
SF:C:\Users\shann\WebstormProjects\mean-skeleton\server\api\action\action.controller.js
FN:7,(anonymous_1)
FN:14,(anonymous_2)
FN:17,(anonymous_3)
FN:24,(anonymous_4)
FN:30,(anonymous_5)
FN:36,(anonymous_6)
FNF:6
FNH:6
FNDA:5,(anonymous_1)
FNDA:4,(anonymous_2)
FNDA:4,(anonymous_3)
FNDA:4,(anonymous_4)
FNDA:2,(anonymous_5)
FNDA:5,(anonymous_6)
DA:1,1
DA:4,1
DA:8,5
DA:15,4
DA:18,4
DA:19,4
DA:25,4
DA:31,2
DA:37,5
LF:9
LH:9
BRF:0
BRH:0
end_of_record
TN:
SF:C:\Users\shann\WebstormProjects\mean-skeleton\server\api\action\action.model.js
FN:18,(anonymous_1)
FNF:1
FNH:1
FNDA:9,(anonymous_1)
DA:1,1
DA:2,1
DA:4,1
DA:18,1
DA:23,9
DA:26,9
DA:27,13
DA:28,9
DA:33,1
LF:9
LH:9
BRDA:23,1,0,1
BRDA:23,1,1,8
BRF:2
BRH:2
end_of_record
TN:
SF:C:\Users\shann\WebstormProjects\mean-skeleton\server\app.js
FNF:0
FNH:0
DA:1,1
DA:2,1
DA:3,1
DA:4,1
DA:5,1
DA:6,1
DA:7,1
DA:8,1
DA:10,1
DA:11,1
DA:13,1
DA:14,1
DA:15,1
DA:16,1
DA:17,1
DA:19,1
DA:20,1
DA:21,1
DA:22,1
DA:23,1
DA:24,1
DA:26,1
LF:22
LH:22
BRF:0
BRH:0
end_of_record
TN:
SF:C:\Users\shann\WebstormProjects\mean-skeleton\server\angular\index.js
FNF:0
FNH:0
DA:1,1
DA:2,1
DA:4,1
DA:12,1
LF:4
LH:4
BRF:0
BRH:0
end_of_record
TN:
SF:C:\Users\shann\WebstormProjects\mean-skeleton\server\api\index.js
FNF:0
FNH:0
DA:1,1
DA:2,1
DA:3,1
DA:6,1
DA:9,1
DA:11,1
LF:6
LH:6
BRF:0
BRH:0
end_of_record
TN:
SF:C:\Users\shann\WebstormProjects\mean-skeleton\server\api\action\action.route.js
FN:10,(anonymous_1)
FN:18,(anonymous_2)
FN:26,(anonymous_3)
FN:34,(anonymous_4)
FN:42,(anonymous_5)
FNF:5
FNH:5
FNDA:3,(anonymous_1)
FNDA:3,(anonymous_2)
FNDA:3,(anonymous_3)
FNDA:1,(anonymous_4)
FNDA:3,(anonymous_5)
DA:1,1
DA:2,1
DA:3,1
DA:10,1
DA:11,3
DA:18,1
DA:19,3
DA:26,1
DA:27,3
DA:34,1
DA:35,1
DA:42,1
DA:43,3
DA:49,1
LF:14
LH:14
BRF:0
BRH:0
end_of_record
TN:
SF:C:\Users\shann\WebstormProjects\mean-skeleton\server\api\util\status.js
FN:6,(anonymous_1)
FN:6,(anonymous_2)
FN:9,(anonymous_3)
FN:9,(anonymous_4)
FNF:4
FNH:4
FNDA:35,(anonymous_1)
FNDA:32,(anonymous_2)
FNDA:35,(anonymous_3)
FNDA:3,(anonymous_4)
DA:1,1
DA:6,35
DA:9,35
LF:3
LH:3
BRF:0
BRH:0
end_of_record
TN:
SF:C:\Users\shann\WebstormProjects\mean-skeleton\server\api\user\user.route.js
FN:10,(anonymous_1)
FN:17,(anonymous_2)
FN:25,(anonymous_3)
FN:33,(anonymous_4)
FN:41,(anonymous_5)
FN:49,(anonymous_6)
FNF:6
FNH:6
FNDA:6,(anonymous_1)
FNDA:3,(anonymous_2)
FNDA:3,(anonymous_3)
FNDA:6,(anonymous_4)
FNDA:1,(anonymous_5)
FNDA:3,(anonymous_6)
DA:1,1
DA:2,1
DA:3,1
DA:10,1
DA:11,6
DA:17,1
DA:18,3
DA:25,1
DA:26,3
DA:33,1
DA:34,6
DA:41,1
DA:42,1
DA:49,1
DA:50,3
DA:56,1
LF:16
LH:16
BRF:0
BRH:0
end_of_record
